{
  "0 debug pnpm:scope": {
    "selected": 1
  },
  "1 error pnpm": {
    "code": "ELIFECYCLE",
    "errno": "ENOENT",
    "syscall": "spawn",
    "file": "sh",
    "pkgid": "pkg@0.0.1",
    "stage": "fmt",
    "script": "prettier --write --plugin-search-dir=. .",
    "pkgname": "pkg",
    "err": {
      "name": "pnpm",
      "message": "pkg@0.0.1 fmt: `prettier --write --plugin-search-dir=. .`\nspawn ENOENT",
      "code": "ELIFECYCLE",
      "stack": "pnpm: pkg@0.0.1 fmt: `prettier --write --plugin-search-dir=. .`\nspawn ENOENT\n    at ChildProcess.<anonymous> (/opt/nodejs/16.14.2/pnpm-global/5/node_modules/.pnpm/pnpm@7.1.7/node_modules/pnpm/dist/pnpm.cjs:93511:22)\n    at ChildProcess.emit (node:events:526:28)\n    at maybeClose (node:internal/child_process:1092:16)\n    at Process.ChildProcess._handle.onexit (node:internal/child_process:302:5)"
    }
  },
  "2 warn pnpm:global": " Local package.json exists, but node_modules missing, did you mean to install?"
}